<?xml version="1.0" encoding="UTF-8"?>
<!-- Generated by org.testng.reporters.JUnitReportReporter -->
<testsuite hostname="PC0668" name="com.elm.mosa.portal.test.automation.Data_Provider" tests="2" failures="0" timestamp="11 Jan 2017 12:35:05 GMT" time="111.132" errors="0">
  <testcase name="test" time="42.380" classname="com.elm.mosa.portal.test.automation.Data_Provider"/>
  <testcase name="test" time="68.752" classname="com.elm.mosa.portal.test.automation.Data_Provider"/>
</testsuite> <!-- com.elm.mosa.portal.test.automation.Data_Provider -->
